This is pdfTeX, Version 3.14159265-2.6-1.40.21 (TeX Live 2020) (preloaded format=pdflatex 2020.6.28)  14 JAN 2021 18:51
entering extended mode
 restricted \write18 enabled.
 %&-line parsing enabled.
**00_prova2.tex
(./00_prova2.tex
LaTeX2e <2020-02-02> patch level 5
L3 programming layer <2020-03-06>
(/usr/local/texlive/2020/texmf-dist/tex/latex/base/article.cls
Document Class: article 2019/12/20 v1.4l Standard LaTeX document class
(/usr/local/texlive/2020/texmf-dist/tex/latex/base/size10.clo
File: size10.clo 2019/12/20 v1.4l Standard LaTeX file (size option)
)
\c@part=\count167
\c@section=\count168
\c@subsection=\count169
\c@subsubsection=\count170
\c@paragraph=\count171
\c@subparagraph=\count172
\c@figure=\count173
\c@table=\count174
\abovecaptionskip=\skip47
\belowcaptionskip=\skip48
\bibindent=\dimen134
)
(/usr/local/texlive/2020/texmf-dist/tex/latex/graphics/graphicx.sty
Package: graphicx 2019/11/30 v1.2a Enhanced LaTeX Graphics (DPC,SPQR)

(/usr/local/texlive/2020/texmf-dist/tex/latex/graphics/keyval.sty
Package: keyval 2014/10/28 v1.15 key=value parser (DPC)
\KV@toks@=\toks15
)
(/usr/local/texlive/2020/texmf-dist/tex/latex/graphics/graphics.sty
Package: graphics 2019/11/30 v1.4a Standard LaTeX Graphics (DPC,SPQR)

(/usr/local/texlive/2020/texmf-dist/tex/latex/graphics/trig.sty
Package: trig 2016/01/03 v1.10 sin cos tan (DPC)
)
(/usr/local/texlive/2020/texmf-dist/tex/latex/graphics-cfg/graphics.cfg
File: graphics.cfg 2016/06/04 v1.11 sample graphics configuration
)
Package graphics Info: Driver file: pdftex.def on input line 105.

(/usr/local/texlive/2020/texmf-dist/tex/latex/graphics-def/pdftex.def
File: pdftex.def 2018/01/08 v1.0l Graphics/color driver for pdftex
))
\Gin@req@height=\dimen135
\Gin@req@width=\dimen136
)
(/usr/local/texlive/2020/texmf-dist/tex/latex/graphics/color.sty
Package: color 2019/11/23 v1.2a Standard LaTeX Color (DPC)

(/usr/local/texlive/2020/texmf-dist/tex/latex/graphics-cfg/color.cfg
File: color.cfg 2016/01/02 v1.6 sample color configuration
)
Package color Info: Driver file: pdftex.def on input line 147.
)
(/usr/local/texlive/2020/texmf-dist/tex/latex/framed/framed.sty
Package: framed 2011/10/22 v 0.96: framed or shaded text with page breaks
\OuterFrameSep=\skip49
\fb@frw=\dimen137
\fb@frh=\dimen138
\FrameRule=\dimen139
\FrameSep=\dimen140
)
(/usr/local/texlive/2020/texmf-dist/tex/latex/base/alltt.sty
Package: alltt 1997/06/16 v2.0g defines alltt environment
)
(/usr/local/texlive/2020/texmf-dist/tex/latex/base/inputenc.sty
Package: inputenc 2018/08/11 v1.3c Input encoding file
\inpenc@prehook=\toks16
\inpenc@posthook=\toks17
)
(/usr/local/texlive/2020/texmf-dist/tex/generic/babel/babel.sty
Package: babel 2020/03/22 3.42 The Babel package

(/usr/local/texlive/2020/texmf-dist/tex/generic/babel/switch.def
File: switch.def 2020/03/22 3.42 Babel switching mechanism
)
(/usr/local/texlive/2020/texmf-dist/tex/generic/babel-portuges/portuges.ldf
Language: portuges 2008/03/18 v1.2q Portuguese support from the babel system

(/usr/local/texlive/2020/texmf-dist/tex/generic/babel/babel.def
File: babel.def 2020/03/22 3.42 Babel common definitions
\babel@savecnt=\count175
\U@D=\dimen141

(/usr/local/texlive/2020/texmf-dist/tex/generic/babel/txtbabel.def)
\bbl@readstream=\read2
\bbl@dirlevel=\count176
)
Package babel Info: Making " an active character on input line 145.
))
(/usr/local/texlive/2020/texmf-dist/tex/latex/biblatex/biblatex.sty
Package: biblatex 2019/12/01 v3.14 programmable bibliographies (PK/MW)

(/usr/local/texlive/2020/texmf-dist/tex/latex/pdftexcmds/pdftexcmds.sty
Package: pdftexcmds 2019/11/24 v0.31 Utility functions of pdfTeX for LuaTeX (HO
)

(/usr/local/texlive/2020/texmf-dist/tex/generic/infwarerr/infwarerr.sty
Package: infwarerr 2019/12/03 v1.5 Providing info/warning/error messages (HO)
)
(/usr/local/texlive/2020/texmf-dist/tex/generic/iftex/iftex.sty
Package: iftex 2020/03/06 v1.0d TeX engine tests
)
(/usr/local/texlive/2020/texmf-dist/tex/generic/ltxcmds/ltxcmds.sty
Package: ltxcmds 2019/12/15 v1.24 LaTeX kernel commands for general use (HO)
)
Package pdftexcmds Info: \pdf@primitive is available.
Package pdftexcmds Info: \pdf@ifprimitive is available.
Package pdftexcmds Info: \pdfdraftmode found.
)
(/usr/local/texlive/2020/texmf-dist/tex/latex/etoolbox/etoolbox.sty
Package: etoolbox 2019/09/21 v2.5h e-TeX tools for LaTeX (JAW)
\etb@tempcnta=\count177
)
(/usr/local/texlive/2020/texmf-dist/tex/latex/kvoptions/kvoptions.sty
Package: kvoptions 2019/11/29 v3.13 Key value format for package options (HO)

(/usr/local/texlive/2020/texmf-dist/tex/generic/kvsetkeys/kvsetkeys.sty
Package: kvsetkeys 2019/12/15 v1.18 Key value parser (HO)
))
(/usr/local/texlive/2020/texmf-dist/tex/latex/logreq/logreq.sty
Package: logreq 2010/08/04 v1.0 xml request logger
\lrq@indent=\count178

(/usr/local/texlive/2020/texmf-dist/tex/latex/logreq/logreq.def
File: logreq.def 2010/08/04 v1.0 logreq spec v1.0
))
(/usr/local/texlive/2020/texmf-dist/tex/latex/base/ifthen.sty
Package: ifthen 2014/09/29 v1.1c Standard LaTeX ifthen package (DPC)
)
(/usr/local/texlive/2020/texmf-dist/tex/latex/url/url.sty
\Urlmuskip=\muskip16
Package: url 2013/09/16  ver 3.4  Verb mode for urls, etc.
)
\c@tabx@nest=\count179
\c@listtotal=\count180
\c@listcount=\count181
\c@liststart=\count182
\c@liststop=\count183
\c@citecount=\count184
\c@citetotal=\count185
\c@multicitecount=\count186
\c@multicitetotal=\count187
\c@instcount=\count188
\c@maxnames=\count189
\c@minnames=\count190
\c@maxitems=\count191
\c@minitems=\count192
\c@citecounter=\count193
\c@maxcitecounter=\count194
\c@savedcitecounter=\count195
\c@uniquelist=\count196
\c@uniquename=\count197
\c@refsection=\count198
\c@refsegment=\count199
\c@maxextratitle=\count266
\c@maxextratitleyear=\count267
\c@maxextraname=\count268
\c@maxextradate=\count269
\c@maxextraalpha=\count270
\c@abbrvpenalty=\count271
\c@highnamepenalty=\count272
\c@lownamepenalty=\count273
\c@maxparens=\count274
\c@parenlevel=\count275
\blx@tempcnta=\count276
\blx@tempcntb=\count277
\blx@tempcntc=\count278
\blx@maxsection=\count279
\blx@maxsegment@0=\count280
\blx@notetype=\count281
\blx@parenlevel@text=\count282
\blx@parenlevel@foot=\count283
\blx@sectionciteorder@0=\count284
\blx@entrysetcounter=\count285
\labelnumberwidth=\skip50
\labelalphawidth=\skip51
\biblabelsep=\skip52
\bibitemsep=\skip53
\bibnamesep=\skip54
\bibinitsep=\skip55
\bibparsep=\skip56
\bibhang=\skip57
\blx@bcfin=\read3
\blx@bcfout=\write3
\blx@langwohyphens=\language86
\c@mincomprange=\count286
\c@maxcomprange=\count287
\c@mincompwidth=\count288
Package biblatex Info: Trying to load biblatex default data model...
Package biblatex Info: ... file 'blx-dm.def' found.

(/usr/local/texlive/2020/texmf-dist/tex/latex/biblatex/blx-dm.def
File: blx-dm.def 2019/12/01 v3.14 biblatex localization (PK/MW)
)
Package biblatex Info: Trying to load biblatex style data model...
Package biblatex Info: ... file 'alphabetic.dbx' not found.
Package biblatex Info: Trying to load biblatex custom data model...
Package biblatex Info: ... file 'biblatex-dm.cfg' not found.
\c@afterword=\count289
\c@savedafterword=\count290
\c@annotator=\count291
\c@savedannotator=\count292
\c@author=\count293
\c@savedauthor=\count294
\c@bookauthor=\count295
\c@savedbookauthor=\count296
\c@commentator=\count297
\c@savedcommentator=\count298
\c@editor=\count299
\c@savededitor=\count300
\c@editora=\count301
\c@savededitora=\count302
\c@editorb=\count303
\c@savededitorb=\count304
\c@editorc=\count305
\c@savededitorc=\count306
\c@foreword=\count307
\c@savedforeword=\count308
\c@holder=\count309
\c@savedholder=\count310
\c@introduction=\count311
\c@savedintroduction=\count312
\c@namea=\count313
\c@savednamea=\count314
\c@nameb=\count315
\c@savednameb=\count316
\c@namec=\count317
\c@savednamec=\count318
\c@translator=\count319
\c@savedtranslator=\count320
\c@shortauthor=\count321
\c@savedshortauthor=\count322
\c@shorteditor=\count323
\c@savedshorteditor=\count324
\c@labelname=\count325
\c@savedlabelname=\count326
\c@institution=\count327
\c@savedinstitution=\count328
\c@lista=\count329
\c@savedlista=\count330
\c@listb=\count331
\c@savedlistb=\count332
\c@listc=\count333
\c@savedlistc=\count334
\c@listd=\count335
\c@savedlistd=\count336
\c@liste=\count337
\c@savedliste=\count338
\c@listf=\count339
\c@savedlistf=\count340
\c@location=\count341
\c@savedlocation=\count342
\c@organization=\count343
\c@savedorganization=\count344
\c@origlocation=\count345
\c@savedoriglocation=\count346
\c@origpublisher=\count347
\c@savedorigpublisher=\count348
\c@publisher=\count349
\c@savedpublisher=\count350
\c@language=\count351
\c@savedlanguage=\count352
\c@origlanguage=\count353
\c@savedoriglanguage=\count354
\c@pageref=\count355
\c@savedpageref=\count356
\shorthandwidth=\skip58
\shortjournalwidth=\skip59
\shortserieswidth=\skip60
\shorttitlewidth=\skip61
\shortauthorwidth=\skip62
\shorteditorwidth=\skip63
\locallabelnumberwidth=\skip64
\locallabelalphawidth=\skip65
\localshorthandwidth=\skip66
\localshortjournalwidth=\skip67
\localshortserieswidth=\skip68
\localshorttitlewidth=\skip69
\localshortauthorwidth=\skip70
\localshorteditorwidth=\skip71
Package biblatex Info: Trying to load compatibility code...
Package biblatex Info: ... file 'blx-compat.def' found.

(/usr/local/texlive/2020/texmf-dist/tex/latex/biblatex/blx-compat.def
File: blx-compat.def 2019/12/01 v3.14 biblatex compatibility (PK/MW)
)
Package biblatex Info: Trying to load BibTeX backend compatibility...
Package biblatex Info: ... file 'blx-bibtex.def' found.

(/usr/local/texlive/2020/texmf-dist/tex/latex/biblatex/blx-bibtex.def
File: blx-bibtex.def 2019/12/01 v3.14 biblatex compatibility (PK/MW)


Package biblatex Warning: Using fall-back BibTeX(8) backend:
(biblatex)                functionality may be reduced/unavailable.

)
Package biblatex Info: Trying to load generic definitions...
Package biblatex Info: ... file 'biblatex.def' found.
 (/usr/local/texlive/2020/texmf-dist/tex/latex/biblatex/biblatex.def
File: biblatex.def 2019/12/01 v3.14 biblatex compatibility (PK/MW)
\c@textcitecount=\count357
\c@textcitetotal=\count358
\c@textcitemaxnames=\count359
\c@biburlbigbreakpenalty=\count360
\c@biburlbreakpenalty=\count361
\c@biburlnumpenalty=\count362
\c@biburlucpenalty=\count363
\c@biburllcpenalty=\count364
\biburlbigskip=\muskip17
\biburlnumskip=\muskip18
\biburlucskip=\muskip19
\biburllcskip=\muskip20
\c@smartand=\count365
)
Package biblatex Info: Trying to load bibliography style 'alphabetic'...
Package biblatex Info: ... file 'alphabetic.bbx' found.

(/usr/local/texlive/2020/texmf-dist/tex/latex/biblatex/bbx/alphabetic.bbx
File: alphabetic.bbx 2019/12/01 v3.14 biblatex bibliography style (PK/MW)
Package biblatex Info: Trying to load bibliography style 'standard'...
Package biblatex Info: ... file 'standard.bbx' found.

(/usr/local/texlive/2020/texmf-dist/tex/latex/biblatex/bbx/standard.bbx
File: standard.bbx 2019/12/01 v3.14 biblatex bibliography style (PK/MW)
\c@bbx:relatedcount=\count366
\c@bbx:relatedtotal=\count367
))
Package biblatex Info: Trying to load citation style 'authoryear'...
Package biblatex Info: ... file 'authoryear.cbx' found.

(/usr/local/texlive/2020/texmf-dist/tex/latex/biblatex/cbx/authoryear.cbx
File: authoryear.cbx 2019/12/01 v3.14 biblatex citation style (PK/MW)
Package biblatex Info: Redefining '\cite'.
Package biblatex Info: Redefining '\parencite'.
Package biblatex Info: Redefining '\footcite'.
Package biblatex Info: Redefining '\footcitetext'.
Package biblatex Info: Redefining '\smartcite'.
Package biblatex Info: Redefining '\textcite'.
Package biblatex Info: Redefining '\textcites'.
)
Package biblatex Info: Trying to load configuration file...
Package biblatex Info: ... file 'biblatex.cfg' found.

(/usr/local/texlive/2020/texmf-dist/tex/latex/biblatex/biblatex.cfg
File: biblatex.cfg 
))
(/usr/local/texlive/2020/texmf-dist/tex/latex/float/float.sty
Package: float 2001/11/08 v1.3d Float enhancements (AL)
\c@float@type=\count368
\float@exts=\toks18
\float@box=\box45
\@float@everytoks=\toks19
\@floatcapt=\box46
)
(/usr/local/texlive/2020/texmf-dist/tex/latex/upquote/upquote.sty
Package: upquote 2012/04/19 v1.3 upright-quote and grave-accent glyphs in verba
tim
)

Package biblatex Warning: 'babel/polyglossia' detected but 'csquotes' missing.
(biblatex)                Loading 'csquotes' recommended.

\@quotelevel=\count369
\@quotereset=\count370
(/usr/local/texlive/2020/texmf-dist/tex/latex/l3backend/l3backend-pdfmode.def
File: l3backend-pdfmode.def 2020-03-12 L3 backend support: PDF mode
\l__kernel_color_stack_int=\count371
\l__pdf_internal_box=\box47
)
(./00_prova2.aux)
\openout1 = `00_prova2.aux'.

LaTeX Font Info:    Checking defaults for OML/cmm/m/it on input line 63.
LaTeX Font Info:    ... okay on input line 63.
LaTeX Font Info:    Checking defaults for OMS/cmsy/m/n on input line 63.
LaTeX Font Info:    ... okay on input line 63.
LaTeX Font Info:    Checking defaults for OT1/cmr/m/n on input line 63.
LaTeX Font Info:    ... okay on input line 63.
LaTeX Font Info:    Checking defaults for T1/cmr/m/n on input line 63.
LaTeX Font Info:    ... okay on input line 63.
LaTeX Font Info:    Checking defaults for TS1/cmr/m/n on input line 63.
LaTeX Font Info:    ... okay on input line 63.
LaTeX Font Info:    Checking defaults for OMX/cmex/m/n on input line 63.
LaTeX Font Info:    ... okay on input line 63.
LaTeX Font Info:    Checking defaults for U/cmr/m/n on input line 63.
LaTeX Font Info:    ... okay on input line 63.

(/usr/local/texlive/2020/texmf-dist/tex/context/base/mkii/supp-pdf.mkii
[Loading MPS to PDF converter (version 2006.09.02).]
\scratchcounter=\count372
\scratchdimen=\dimen142
\scratchbox=\box48
\nofMPsegments=\count373
\nofMParguments=\count374
\everyMPshowfont=\toks20
\MPscratchCnt=\count375
\MPscratchDim=\dimen143
\MPnumerator=\count376
\makeMPintoPDFobject=\count377
\everyMPtoPDFconversion=\toks21
) (/usr/local/texlive/2020/texmf-dist/tex/latex/epstopdf-pkg/epstopdf-base.sty
Package: epstopdf-base 2020-01-24 v2.11 Base part for package epstopdf
Package epstopdf-base Info: Redefining graphics rule for `.eps' on input line 4
85.

(/usr/local/texlive/2020/texmf-dist/tex/latex/latexconfig/epstopdf-sys.cfg
File: epstopdf-sys.cfg 2010/07/13 v1.3 Configuration of (r)epstopdf for TeX Liv
e
))
Package biblatex Info: Trying to load language 'portuguese'...
Package biblatex Info: ... file 'portuguese.lbx' found.

(/usr/local/texlive/2020/texmf-dist/tex/latex/biblatex/lbx/portuguese.lbx
File: portuguese.lbx 2019/12/01 v3.14 biblatex localization (PK/MW)
)
Package biblatex Info: Input encoding 'utf8' detected.
Package biblatex Info: Automatic encoding selection.
(biblatex)             Assuming data encoding 'utf8'.
Package biblatex Info: Input encoding 'utf8' specified.
Package biblatex Info: Data encoding 'utf8' specified.
(biblatex)             No need to reencode data.
\openout3 = `00_prova2-blx.bib'.

Package biblatex Info: Trying to load bibliographic data...
Package biblatex Info: ... file '00_prova2.bbl' found.

(./00_prova2.bbl)
Package biblatex Info: Reference section=0 on input line 63.
Package biblatex Info: Reference segment=0 on input line 63.
LaTeX Font Info:    External font `cmex10' loaded for size
(Font)              <12> on input line 65.
LaTeX Font Info:    External font `cmex10' loaded for size
(Font)              <8> on input line 65.
LaTeX Font Info:    External font `cmex10' loaded for size
(Font)              <6> on input line 65.
 (./00_prova2.toc
LaTeX Font Info:    External font `cmex10' loaded for size
(Font)              <7> on input line 10.
LaTeX Font Info:    External font `cmex10' loaded for size
(Font)              <5> on input line 10.
 [1

{/usr/local/texlive/2020/texmf-var/fonts/map/pdftex/updmap/pdftex.map}])
\tf@toc=\write4
\openout4 = `00_prova2.toc'.


Overfull \hbox (104.55652pt too wide) in paragraph at lines 82--83
\OT1/cmr/m/n/10 lho pode ser en-con-trado em re-po-sit^^Sorio do github no link
: https://github.com/bernardopaulsen/ecop124. 
 []

[2]
Package color Info: Redefining color shadecolor on input line 106.
LaTeX Font Info:    Font shape `OT1/cmtt/bx/n' in size <10> not available
(Font)              Font shape `OT1/cmtt/m/n' tried instead on input line 108.
Package color Info: Redefining color shadecolor on input line 128.
Package color Info: Redefining color shadecolor on input line 143.
 [3]
Package color Info: Redefining color shadecolor on input line 156.
Package color Info: Redefining color shadecolor on input line 193.
 [4]
Package color Info: Redefining color shadecolor on input line 207.
Package color Info: Redefining color shadecolor on input line 246.
<figure/unnamed-chunk-17-1.pdf, id=23, 505.89pt x 289.08pt>
File: figure/unnamed-chunk-17-1.pdf Graphic file (type pdf)
<use figure/unnamed-chunk-17-1.pdf>
Package pdftex.def Info: figure/unnamed-chunk-17-1.pdf  used on input line 254.

(pdftex.def)             Requested size: 345.0pt x 197.14522pt.
 [5]
Package color Info: Redefining color shadecolor on input line 265.
 [6 <./figure/unnamed-chunk-17-1.pdf>]
Package color Info: Redefining color shadecolor on input line 292.
Package color Info: Redefining color shadecolor on input line 302.
Package color Info: Redefining color shadecolor on input line 322.
<figure/unnamed-chunk-21-1.pdf, id=36, 505.89pt x 289.08pt>
File: figure/unnamed-chunk-21-1.pdf Graphic file (type pdf)
<use figure/unnamed-chunk-21-1.pdf>
Package pdftex.def Info: figure/unnamed-chunk-21-1.pdf  used on input line 327.

(pdftex.def)             Requested size: 345.0pt x 197.14522pt.
 [7 <./figure/unnamed-chunk-21-1.pdf>]
Package color Info: Redefining color shadecolor on input line 342.
Package color Info: Redefining color shadecolor on input line 353.
<figure/unnamed-chunk-23-1.pdf, id=47, 505.89pt x 289.08pt>
File: figure/unnamed-chunk-23-1.pdf Graphic file (type pdf)
<use figure/unnamed-chunk-23-1.pdf>
Package pdftex.def Info: figure/unnamed-chunk-23-1.pdf  used on input line 358.

(pdftex.def)             Requested size: 345.0pt x 197.14522pt.
Package color Info: Redefining color shadecolor on input line 370.
 [8 <./figure/unnamed-chunk-23-1.pdf>]
Package color Info: Redefining color shadecolor on input line 391.
Package color Info: Redefining color shadecolor on input line 403.
Package color Info: Redefining color shadecolor on input line 414.
 [9]
Package color Info: Redefining color shadecolor on input line 458.
<figure/unnamed-chunk-28-1.pdf, id=60, 505.89pt x 289.08pt>
File: figure/unnamed-chunk-28-1.pdf Graphic file (type pdf)
<use figure/unnamed-chunk-28-1.pdf>
Package pdftex.def Info: figure/unnamed-chunk-28-1.pdf  used on input line 463.

(pdftex.def)             Requested size: 345.0pt x 197.14522pt.
Package color Info: Redefining color shadecolor on input line 474.
<figure/unnamed-chunk-29-1.pdf, id=61, 505.89pt x 289.08pt>
File: figure/unnamed-chunk-29-1.pdf Graphic file (type pdf)
<use figure/unnamed-chunk-29-1.pdf>
Package pdftex.def Info: figure/unnamed-chunk-29-1.pdf  used on input line 479.

(pdftex.def)             Requested size: 345.0pt x 197.14522pt.
 [10 <./figure/unnamed-chunk-28-1.pdf>]
Package color Info: Redefining color shadecolor on input line 488.
<figure/unnamed-chunk-30-1.pdf, id=71, 505.89pt x 289.08pt>
File: figure/unnamed-chunk-30-1.pdf Graphic file (type pdf)
<use figure/unnamed-chunk-30-1.pdf>
Package pdftex.def Info: figure/unnamed-chunk-30-1.pdf  used on input line 493.

(pdftex.def)             Requested size: 345.0pt x 197.14522pt.
 [11 <./figure/unnamed-chunk-29-1.pdf> <./figure/unnamed-chunk-30-1.pdf>]
Package color Info: Redefining color shadecolor on input line 501.
LaTeX Font Info:    Trying to load font information for OMS+cmtt on input line 
504.

(/Library/Frameworks/R.framework/Resources/share/texmf/tex/latex/omscmtt.fd
File: omscmtt.fd 
)
LaTeX Font Info:    Font shape `OMS/cmtt/m/n' in size <10> not available
(Font)              Font shape `OMS/cmsy/m/n' tried instead on input line 504.
Package color Info: Redefining color shadecolor on input line 522.
<figure/unnamed-chunk-32-1.pdf, id=87, 505.89pt x 505.89pt>
File: figure/unnamed-chunk-32-1.pdf Graphic file (type pdf)
<use figure/unnamed-chunk-32-1.pdf>
Package pdftex.def Info: figure/unnamed-chunk-32-1.pdf  used on input line 530.

(pdftex.def)             Requested size: 345.0pt x 345.00414pt.

[12]
Package color Info: Redefining color shadecolor on input line 539.
<figure/unnamed-chunk-33-1.pdf, id=92, 505.89pt x 505.89pt>
File: figure/unnamed-chunk-33-1.pdf Graphic file (type pdf)
<use figure/unnamed-chunk-33-1.pdf>
Package pdftex.def Info: figure/unnamed-chunk-33-1.pdf  used on input line 547.

(pdftex.def)             Requested size: 345.0pt x 345.00414pt.
 [13 <./figure/unnamed-chunk-32-1.pdf>]
Package color Info: Redefining color shadecolor on input line 556.
<figure/unnamed-chunk-34-1.pdf, id=103, 505.89pt x 505.89pt>
File: figure/unnamed-chunk-34-1.pdf Graphic file (type pdf)
<use figure/unnamed-chunk-34-1.pdf>
Package pdftex.def Info: figure/unnamed-chunk-34-1.pdf  used on input line 564.

(pdftex.def)             Requested size: 345.0pt x 345.00414pt.
 [14 <./figure/unnamed-chunk-33-1.pdf>]
Package color Info: Redefining color shadecolor on input line 573.
<figure/unnamed-chunk-35-1.pdf, id=113, 505.89pt x 505.89pt>
File: figure/unnamed-chunk-35-1.pdf Graphic file (type pdf)
<use figure/unnamed-chunk-35-1.pdf>
Package pdftex.def Info: figure/unnamed-chunk-35-1.pdf  used on input line 581.

(pdftex.def)             Requested size: 345.0pt x 345.00414pt.
 [15 <./figure/unnamed-chunk-34-1.pdf>]
Package color Info: Redefining color shadecolor on input line 589.
Package color Info: Redefining color shadecolor on input line 600.
<figure/unnamed-chunk-37-1.pdf, id=123, 505.89pt x 505.89pt>
File: figure/unnamed-chunk-37-1.pdf Graphic file (type pdf)
<use figure/unnamed-chunk-37-1.pdf>
Package pdftex.def Info: figure/unnamed-chunk-37-1.pdf  used on input line 609.

(pdftex.def)             Requested size: 345.0pt x 345.00414pt.
 [16 <./figure/unnamed-chunk-35-1.pdf>]
Package color Info: Redefining color shadecolor on input line 619.
 [17 <./figure/unnamed-chunk-37-1.pdf>] [18]
Package color Info: Redefining color shadecolor on input line 692.
Package color Info: Redefining color shadecolor on input line 702.

Overfull \hbox (11.99689pt too wide) in paragraph at lines 715--715
[]\OT1/cmtt/m/n/10 ##  Min.   :1955-01-01 00:00:00   Min.   :1.000   Min.   :-0
.3000000[] 
 []


Overfull \hbox (11.99689pt too wide) in paragraph at lines 715--715
[]\OT1/cmtt/m/n/10 ##  1st Qu.:1964-09-16 00:00:00   1st Qu.:1.300   1st Qu.:-0
.1000000[] 
 []


Overfull \hbox (11.99689pt too wide) in paragraph at lines 715--715
[]\OT1/cmtt/m/n/10 ##  Median :1974-06-01 00:00:00   Median :2.000   Median : 0
.0000000[] 
 []


Overfull \hbox (11.99689pt too wide) in paragraph at lines 715--715
[]\OT1/cmtt/m/n/10 ##  Mean   :1974-06-01 08:47:16   Mean   :1.905   Mean   : 0
.0002146[] 
 []


Overfull \hbox (11.99689pt too wide) in paragraph at lines 715--715
[]\OT1/cmtt/m/n/10 ##  3rd Qu.:1984-02-15 12:00:00   3rd Qu.:2.300   3rd Qu.: 0
.1000000[] 
 []


Overfull \hbox (11.99689pt too wide) in paragraph at lines 715--715
[]\OT1/cmtt/m/n/10 ##  Max.   :1993-11-01 00:00:00   Max.   :3.100   Max.   : 0
.5000000[] 
 []

Package color Info: Redefining color shadecolor on input line 727.
<figure/unnamed-chunk-41-1.pdf, id=145, 505.89pt x 289.08pt>
File: figure/unnamed-chunk-41-1.pdf Graphic file (type pdf)
<use figure/unnamed-chunk-41-1.pdf>
Package pdftex.def Info: figure/unnamed-chunk-41-1.pdf  used on input line 732.

(pdftex.def)             Requested size: 345.0pt x 197.14522pt.
[19]
Package color Info: Redefining color shadecolor on input line 743.
<figure/unnamed-chunk-42-1.pdf, id=150, 505.89pt x 289.08pt>
File: figure/unnamed-chunk-42-1.pdf Graphic file (type pdf)
<use figure/unnamed-chunk-42-1.pdf>
Package pdftex.def Info: figure/unnamed-chunk-42-1.pdf  used on input line 748.

(pdftex.def)             Requested size: 345.0pt x 197.14522pt.
 [20 <./figure/unnamed-chunk-41-1.pdf>]
Package color Info: Redefining color shadecolor on input line 757.
<figure/unnamed-chunk-43-1.pdf, id=160, 505.89pt x 289.08pt>
File: figure/unnamed-chunk-43-1.pdf Graphic file (type pdf)
<use figure/unnamed-chunk-43-1.pdf>
Package pdftex.def Info: figure/unnamed-chunk-43-1.pdf  used on input line 762.

(pdftex.def)             Requested size: 345.0pt x 197.14522pt.
 [21 <./figure/unnamed-chunk-42-1.pdf> <./figure/unnamed-chunk-43-1.pdf>]
Package color Info: Redefining color shadecolor on input line 770.

Overfull \hbox (64.49643pt too wide) in paragraph at lines 772--772
[][]\OT1/cmtt/m/n/10 ch[] []=[] []ch.test[][]([][]ts[][]([][]na.omit[][](data1[
][]$[][]Diff),[] []frequency[][]=[][]12[][]),[] []type[][]=[][]"dummy"[][],[] [
]sid[][]=[][]c[][]([][]1[][]:[][]12[][]))[][] 
 []

Package color Info: Redefining color shadecolor on input line 799.
Package color Info: Redefining color shadecolor on input line 817.
<figure/unnamed-chunk-46-1.pdf, id=177, 505.89pt x 505.89pt>
File: figure/unnamed-chunk-46-1.pdf Graphic file (type pdf)
<use figure/unnamed-chunk-46-1.pdf>
Package pdftex.def Info: figure/unnamed-chunk-46-1.pdf  used on input line 825.

(pdftex.def)             Requested size: 345.0pt x 345.00414pt.
[22]
Package color Info: Redefining color shadecolor on input line 834.
<figure/unnamed-chunk-47-1.pdf, id=181, 505.89pt x 505.89pt>
File: figure/unnamed-chunk-47-1.pdf Graphic file (type pdf)
<use figure/unnamed-chunk-47-1.pdf>
Package pdftex.def Info: figure/unnamed-chunk-47-1.pdf  used on input line 842.

(pdftex.def)             Requested size: 345.0pt x 345.00414pt.
 [23 <./figure/unnamed-chunk-46-1.pdf>]
Package color Info: Redefining color shadecolor on input line 851.
<figure/unnamed-chunk-48-1.pdf, id=191, 505.89pt x 505.89pt>
File: figure/unnamed-chunk-48-1.pdf Graphic file (type pdf)
<use figure/unnamed-chunk-48-1.pdf>
Package pdftex.def Info: figure/unnamed-chunk-48-1.pdf  used on input line 859.

(pdftex.def)             Requested size: 345.0pt x 345.00414pt.
 [24 <./figure/unnamed-chunk-47-1.pdf>]
Package color Info: Redefining color shadecolor on input line 868.
<figure/unnamed-chunk-49-1.pdf, id=201, 505.89pt x 505.89pt>
File: figure/unnamed-chunk-49-1.pdf Graphic file (type pdf)
<use figure/unnamed-chunk-49-1.pdf>
Package pdftex.def Info: figure/unnamed-chunk-49-1.pdf  used on input line 876.

(pdftex.def)             Requested size: 345.0pt x 345.00414pt.
 [25 <./figure/unnamed-chunk-48-1.pdf>]
Package color Info: Redefining color shadecolor on input line 884.
Package color Info: Redefining color shadecolor on input line 895.
<figure/unnamed-chunk-51-1.pdf, id=212, 505.89pt x 505.89pt>
File: figure/unnamed-chunk-51-1.pdf Graphic file (type pdf)
<use figure/unnamed-chunk-51-1.pdf>
Package pdftex.def Info: figure/unnamed-chunk-51-1.pdf  used on input line 904.

(pdftex.def)             Requested size: 345.0pt x 345.00414pt.
 [26 <./figure/unnamed-chunk-49-1.pdf>]
Package color Info: Redefining color shadecolor on input line 914.
 [27 <./figure/unnamed-chunk-51-1.pdf>] [28]
Package color Info: Redefining color shadecolor on input line 986.
<figure/unnamed-chunk-53-1.pdf, id=234, 505.89pt x 289.08pt>
File: figure/unnamed-chunk-53-1.pdf Graphic file (type pdf)
<use figure/unnamed-chunk-53-1.pdf>
Package pdftex.def Info: figure/unnamed-chunk-53-1.pdf  used on input line 991.

(pdftex.def)             Requested size: 345.0pt x 197.14522pt.
Package color Info: Redefining color shadecolor on input line 1002.
<figure/unnamed-chunk-54-1.pdf, id=235, 505.89pt x 289.08pt>
File: figure/unnamed-chunk-54-1.pdf Graphic file (type pdf)
<use figure/unnamed-chunk-54-1.pdf>
Package pdftex.def Info: figure/unnamed-chunk-54-1.pdf  used on input line 1007
.
(pdftex.def)             Requested size: 345.0pt x 197.14522pt.
 [29 <./figure/unnamed-chunk-53-1.pdf>]
Package color Info: Redefining color shadecolor on input line 1024.

Overfull \hbox (452.99304pt too wide) in paragraph at lines 1026--1026
[][]\OT1/cmtt/m/n/10 ps[] []<-[] []c[][]([][]2[][],[][]1[][],[][]0[][],[][]2[][
],[][]1[][],[][]0[][],[][]2[][],[][]1[][],[][]0[][],[][]2[][],[][]1[][],[][]0[]
[],[][]2[][],[][]1[][],[][]0[][],[][]2[][],[][]1[][],[][]0[][],[][]2[][],[][]1[
][],[][]0[][],[][]2[][],[][]1[][],[][]0[][],[][]2[][],[][]1[][],[][]0[][],[][]2
[][],[][]1[][],[][]0[][],[][]2[][],[][]1[][],[][]0[][],[][]2[][],[][]1[][],[][]
0[][],[][]2[][],[][]1[][],[][]0[][],[][]2[][],[][]1[][],[][]0[][],[][]2[][],[][
]1[][],[][]0[][],[][]2[][],[][]1[][],[][]0[][],[][]2[][],[][]1[][],[][]0[][],[]
[]2[][],[][]1[][],[][]0[][],[][]2[][],[][]1[][],[][]0[][],[][]2[][],[][]1[][],[
][]0[][],[][]2[][],[][]1[][],[][]0[][],[][]2[][],[][]1[][],[][]0[][],[][]2[][],
[][]1[][],[][]0[][],[][]2[][],[][]1[][],[][]0[][])[][] 
 []


Overfull \hbox (452.99304pt too wide) in paragraph at lines 1027--1027
[][]\OT1/cmtt/m/n/10 qs[] []<-[] []c[][]([][]3[][],[][]3[][],[][]3[][],[][]2[][
],[][]2[][],[][]2[][],[][]1[][],[][]1[][],[][]1[][],[][]0[][],[][]0[][],[][]0[]
[],[][]3[][],[][]3[][],[][]3[][],[][]2[][],[][]2[][],[][]2[][],[][]1[][],[][]1[
][],[][]1[][],[][]0[][],[][]0[][],[][]0[][],[][]3[][],[][]3[][],[][]3[][],[][]2
[][],[][]2[][],[][]2[][],[][]1[][],[][]1[][],[][]1[][],[][]0[][],[][]0[][],[][]
0[][],[][]3[][],[][]3[][],[][]3[][],[][]2[][],[][]2[][],[][]2[][],[][]1[][],[][
]1[][],[][]1[][],[][]0[][],[][]0[][],[][]0[][],[][]3[][],[][]3[][],[][]3[][],[]
[]2[][],[][]2[][],[][]2[][],[][]1[][],[][]1[][],[][]1[][],[][]0[][],[][]0[][],[
][]0[][],[][]3[][],[][]3[][],[][]3[][],[][]2[][],[][]2[][],[][]2[][],[][]1[][],
[][]1[][],[][]1[][],[][]0[][],[][]0[][],[][]0[][])[][] 
 []


Overfull \hbox (452.99304pt too wide) in paragraph at lines 1028--1028
[][]\OT1/cmtt/m/n/10 Ps[] []<-[] []c[][]([][]1[][],[][]1[][],[][]1[][],[][]1[][
],[][]1[][],[][]1[][],[][]1[][],[][]1[][],[][]1[][],[][]1[][],[][]1[][],[][]1[]
[],[][]0[][],[][]0[][],[][]0[][],[][]0[][],[][]0[][],[][]0[][],[][]0[][],[][]0[
][],[][]0[][],[][]0[][],[][]0[][],[][]0[][],[][]1[][],[][]1[][],[][]1[][],[][]1
[][],[][]1[][],[][]1[][],[][]1[][],[][]1[][],[][]1[][],[][]1[][],[][]1[][],[][]
1[][],[][]0[][],[][]0[][],[][]0[][],[][]0[][],[][]0[][],[][]0[][],[][]0[][],[][
]0[][],[][]0[][],[][]0[][],[][]0[][],[][]0[][],[][]1[][],[][]1[][],[][]1[][],[]
[]1[][],[][]1[][],[][]1[][],[][]1[][],[][]1[][],[][]1[][],[][]1[][],[][]1[][],[
][]1[][],[][]0[][],[][]0[][],[][]0[][],[][]0[][],[][]0[][],[][]0[][],[][]0[][],
[][]0[][],[][]0[][],[][]0[][],[][]0[][],[][]0[][])[][] 
 []


Overfull \hbox (452.99304pt too wide) in paragraph at lines 1029--1029
[][]\OT1/cmtt/m/n/10 Qs[] []<-[] []c[][]([][]2[][],[][]2[][],[][]2[][],[][]2[][
],[][]2[][],[][]2[][],[][]2[][],[][]2[][],[][]2[][],[][]2[][],[][]2[][],[][]2[]
[],[][]2[][],[][]2[][],[][]2[][],[][]2[][],[][]2[][],[][]2[][],[][]2[][],[][]2[
][],[][]2[][],[][]2[][],[][]2[][],[][]2[][],[][]1[][],[][]1[][],[][]1[][],[][]1
[][],[][]1[][],[][]1[][],[][]1[][],[][]1[][],[][]1[][],[][]1[][],[][]1[][],[][]
1[][],[][]1[][],[][]1[][],[][]1[][],[][]1[][],[][]1[][],[][]1[][],[][]1[][],[][
]1[][],[][]1[][],[][]1[][],[][]1[][],[][]1[][],[][]0[][],[][]0[][],[][]0[][],[]
[]0[][],[][]0[][],[][]0[][],[][]0[][],[][]0[][],[][]0[][],[][]0[][],[][]0[][],[
][]0[][],[][]0[][],[][]0[][],[][]0[][],[][]0[][],[][]0[][],[][]0[][],[][]0[][],
[][]0[][],[][]0[][],[][]0[][],[][]0[][],[][]0[][])[][] 
 []

Package color Info: Redefining color shadecolor on input line 1035.
[30 <./figure/unnamed-chunk-54-1.pdf>]
Package color Info: Redefining color shadecolor on input line 1054.
Package color Info: Redefining color shadecolor on input line 1074.
Package color Info: Redefining color shadecolor on input line 1090.

Overfull \hbox (1.49698pt too wide) in paragraph at lines 1102--1102
[]\OT1/cmtt/m/n/10 ## [1] -2.029506 -2.032146 -2.029555 -2.031749 -2.004273 -2.
012301[] 
 []

Package color Info: Redefining color shadecolor on input line 1109.
[31]
Package color Info: Redefining color shadecolor on input line 1142.
Package color Info: Redefining color shadecolor on input line 1154.

Overfull \hbox (64.49643pt too wide) in paragraph at lines 1195--1195
[]\OT1/cmtt/m/n/10 ## stats::arima(x = xdata, order = c(p, d, q), seasonal = li
st(order = c(P, D,[] 
 []


Overfull \hbox (69.74638pt too wide) in paragraph at lines 1195--1195
[]\OT1/cmtt/m/n/10 ##     Q), period = S), xreg = constant, transform.pars = tr
ans, fixed = fixed,[] 
 []


Overfull \hbox (6.74693pt too wide) in paragraph at lines 1195--1195
[]\OT1/cmtt/m/n/10 ##     optim.control = list(trace = trc, REPORT = 1, reltol 
= tol))[] 
 []


Overfull \hbox (64.49643pt too wide) in paragraph at lines 1195--1195
[]\OT1/cmtt/m/n/10 ##          ar1      ar2      ma1     ma2     sar1     sma1 
    sma2  constant[] 
 []


Overfull \hbox (64.49643pt too wide) in paragraph at lines 1195--1195
[]\OT1/cmtt/m/n/10 ##       1.4362  -0.4843  -1.7137  0.7823  -0.2753  -0.0223 
 -0.3761    0.0005[] 
 []


Overfull \hbox (64.49643pt too wide) in paragraph at lines 1195--1195
[]\OT1/cmtt/m/n/10 ## s.e.  0.1221   0.1340   0.0960  0.1061   0.1809   0.1706 
  0.0742    0.0027[] 
 []


Overfull \hbox (43.49661pt too wide) in paragraph at lines 1195--1195
[]\OT1/cmtt/m/n/10 ## sigma^2 estimated as 0.007315:  log likelihood = 482.49, 
 aic = -946.98[] 
 []

[32]
Package color Info: Redefining color shadecolor on input line 1212.
<figure/unnamed-chunk-60-1.pdf, id=261, 505.89pt x 289.08pt>
File: figure/unnamed-chunk-60-1.pdf Graphic file (type pdf)
<use figure/unnamed-chunk-60-1.pdf>
Package pdftex.def Info: figure/unnamed-chunk-60-1.pdf  used on input line 1217
.
(pdftex.def)             Requested size: 345.0pt x 197.14522pt.
 [33]
Package color Info: Redefining color shadecolor on input line 1226.
<figure/unnamed-chunk-61-1.pdf, id=265, 505.89pt x 289.08pt>
File: figure/unnamed-chunk-61-1.pdf Graphic file (type pdf)
<use figure/unnamed-chunk-61-1.pdf>
Package pdftex.def Info: figure/unnamed-chunk-61-1.pdf  used on input line 1231
.
(pdftex.def)             Requested size: 345.0pt x 197.14522pt.
Package color Info: Redefining color shadecolor on input line 1240.
<figure/unnamed-chunk-62-1.pdf, id=266, 505.89pt x 289.08pt>
File: figure/unnamed-chunk-62-1.pdf Graphic file (type pdf)
<use figure/unnamed-chunk-62-1.pdf>
Package pdftex.def Info: figure/unnamed-chunk-62-1.pdf  used on input line 1245
.
(pdftex.def)             Requested size: 345.0pt x 197.14522pt.
 [34 <./figure/unnamed-chunk-60-1.pdf> <./figure/unnamed-chunk-61-1.pdf>]
Package color Info: Redefining color shadecolor on input line 1253.
Package color Info: Redefining color shadecolor on input line 1268.
<figure/unnamed-chunk-64-1.pdf, id=281, 505.89pt x 289.08pt>
File: figure/unnamed-chunk-64-1.pdf Graphic file (type pdf)
<use figure/unnamed-chunk-64-1.pdf>
Package pdftex.def Info: figure/unnamed-chunk-64-1.pdf  used on input line 1273
.
(pdftex.def)             Requested size: 345.0pt x 197.14522pt.
 [35 <./figure/unnamed-chunk-62-1.pdf>]
Package color Info: Redefining color shadecolor on input line 1288.
<figure/unnamed-chunk-65-1.pdf, id=291, 505.89pt x 289.08pt>
File: figure/unnamed-chunk-65-1.pdf Graphic file (type pdf)
<use figure/unnamed-chunk-65-1.pdf>
Package pdftex.def Info: figure/unnamed-chunk-65-1.pdf  used on input line 1293
.
(pdftex.def)             Requested size: 345.0pt x 197.14522pt.
 [36 <./figure/unnamed-chunk-64-1.pdf>]
Package color Info: Redefining color shadecolor on input line 1302.
<figure/unnamed-chunk-66-1.pdf, id=300, 505.89pt x 289.08pt>
File: figure/unnamed-chunk-66-1.pdf Graphic file (type pdf)
<use figure/unnamed-chunk-66-1.pdf>
Package pdftex.def Info: figure/unnamed-chunk-66-1.pdf  used on input line 1307
.
(pdftex.def)             Requested size: 345.0pt x 197.14522pt.
Package color Info: Redefining color shadecolor on input line 1316.
<figure/unnamed-chunk-67-1.pdf, id=301, 505.89pt x 289.08pt>
File: figure/unnamed-chunk-67-1.pdf Graphic file (type pdf)
<use figure/unnamed-chunk-67-1.pdf>
Package pdftex.def Info: figure/unnamed-chunk-67-1.pdf  used on input line 1321
.
(pdftex.def)             Requested size: 345.0pt x 197.14522pt.
 [37 <./figure/unnamed-chunk-65-1.pdf> <./figure/unnamed-chunk-66-1.pdf>]
Package color Info: Redefining color shadecolor on input line 1329.
Package color Info: Redefining color shadecolor on input line 1344.
<figure/unnamed-chunk-69-1.pdf, id=318, 505.89pt x 289.08pt>
File: figure/unnamed-chunk-69-1.pdf Graphic file (type pdf)
<use figure/unnamed-chunk-69-1.pdf>
Package pdftex.def Info: figure/unnamed-chunk-69-1.pdf  used on input line 1349
.
(pdftex.def)             Requested size: 345.0pt x 197.14522pt.

[38 <./figure/unnamed-chunk-67-1.pdf>]
Package color Info: Redefining color shadecolor on input line 1361.
 [39 <./figure/unnamed-chunk-69-1.pdf>]
Package color Info: Redefining color shadecolor on input line 1387.
Package color Info: Redefining color shadecolor on input line 1405.

Overfull \hbox (69.74638pt too wide) in paragraph at lines 1413--1413
[]\OT1/cmtt/m/n/10 ##  [1] 2.082725 2.088396 2.067254 2.105981 2.123054 2.14943
3 2.186097 2.227275[] 
 []


Overfull \hbox (69.74638pt too wide) in paragraph at lines 1413--1413
[]\OT1/cmtt/m/n/10 ##  [9] 2.284345 2.290782 2.295716 2.247239 2.325614 2.31488
3 2.473123 2.503603[] 
 []

Package color Info: Redefining color shadecolor on input line 1423.
<figure/unnamed-chunk-72-1.pdf, id=336, 505.89pt x 505.89pt>
File: figure/unnamed-chunk-72-1.pdf Graphic file (type pdf)
<use figure/unnamed-chunk-72-1.pdf>
Package pdftex.def Info: figure/unnamed-chunk-72-1.pdf  used on input line 1433
.
(pdftex.def)             Requested size: 345.0pt x 345.00414pt.
[40]
Package color Info: Redefining color shadecolor on input line 1443.
 [41 <./figure/unnamed-chunk-72-1.pdf>]
Package color Info: Redefining color shadecolor on input line 1457.
Package color Info: Redefining color shadecolor on input line 1486.
<figure/unnamed-chunk-75-1.pdf, id=349, 505.89pt x 289.08pt>
File: figure/unnamed-chunk-75-1.pdf Graphic file (type pdf)
<use figure/unnamed-chunk-75-1.pdf>
Package pdftex.def Info: figure/unnamed-chunk-75-1.pdf  used on input line 1491
.
(pdftex.def)             Requested size: 345.0pt x 197.14522pt.
 [42]
Package color Info: Redefining color shadecolor on input line 1502.
<figure/unnamed-chunk-76-1.pdf, id=353, 505.89pt x 289.08pt>
File: figure/unnamed-chunk-76-1.pdf Graphic file (type pdf)
<use figure/unnamed-chunk-76-1.pdf>
Package pdftex.def Info: figure/unnamed-chunk-76-1.pdf  used on input line 1507
.
(pdftex.def)             Requested size: 345.0pt x 197.14522pt.
 [43 <./figure/unnamed-chunk-75-1.pdf>]
Package color Info: Redefining color shadecolor on input line 1516.
<figure/unnamed-chunk-77-1.pdf, id=364, 505.89pt x 289.08pt>
File: figure/unnamed-chunk-77-1.pdf Graphic file (type pdf)
<use figure/unnamed-chunk-77-1.pdf>
Package pdftex.def Info: figure/unnamed-chunk-77-1.pdf  used on input line 1521
.
(pdftex.def)             Requested size: 345.0pt x 197.14522pt.
 [44 <./figure/unnamed-chunk-76-1.pdf> <./figure/unnamed-chunk-77-1.pdf>]
Package color Info: Redefining color shadecolor on input line 1529.
Package color Info: Redefining color shadecolor on input line 1550.
<figure/unnamed-chunk-79-1.pdf, id=380, 505.89pt x 505.89pt>
File: figure/unnamed-chunk-79-1.pdf Graphic file (type pdf)
<use figure/unnamed-chunk-79-1.pdf>
Package pdftex.def Info: figure/unnamed-chunk-79-1.pdf  used on input line 1558
.
(pdftex.def)             Requested size: 345.0pt x 345.00414pt.
 [45]
Package color Info: Redefining color shadecolor on input line 1567.
<figure/unnamed-chunk-80-1.pdf, id=384, 505.89pt x 505.89pt>
File: figure/unnamed-chunk-80-1.pdf Graphic file (type pdf)
<use figure/unnamed-chunk-80-1.pdf>
Package pdftex.def Info: figure/unnamed-chunk-80-1.pdf  used on input line 1575
.
(pdftex.def)             Requested size: 345.0pt x 345.00414pt.
 [46 <./figure/unnamed-chunk-79-1.pdf>]
Package color Info: Redefining color shadecolor on input line 1584.
<figure/unnamed-chunk-81-1.pdf, id=394, 505.89pt x 505.89pt>
File: figure/unnamed-chunk-81-1.pdf Graphic file (type pdf)
<use figure/unnamed-chunk-81-1.pdf>
Package pdftex.def Info: figure/unnamed-chunk-81-1.pdf  used on input line 1592
.
(pdftex.def)             Requested size: 345.0pt x 345.00414pt.
 [47 <./figure/unnamed-chunk-80-1.pdf>]
Package color Info: Redefining color shadecolor on input line 1601.
<figure/unnamed-chunk-82-1.pdf, id=404, 505.89pt x 505.89pt>
File: figure/unnamed-chunk-82-1.pdf Graphic file (type pdf)
<use figure/unnamed-chunk-82-1.pdf>
Package pdftex.def Info: figure/unnamed-chunk-82-1.pdf  used on input line 1609
.
(pdftex.def)             Requested size: 345.0pt x 345.00414pt.
 [48 <./figure/unnamed-chunk-81-1.pdf>]
Package color Info: Redefining color shadecolor on input line 1617.
Package color Info: Redefining color shadecolor on input line 1628.
<figure/unnamed-chunk-84-1.pdf, id=414, 505.89pt x 505.89pt>
File: figure/unnamed-chunk-84-1.pdf Graphic file (type pdf)
<use figure/unnamed-chunk-84-1.pdf>
Package pdftex.def Info: figure/unnamed-chunk-84-1.pdf  used on input line 1637
.
(pdftex.def)             Requested size: 345.0pt x 345.00414pt.
 [49 <./figure/unnamed-chunk-82-1.pdf>]
Package color Info: Redefining color shadecolor on input line 1646.
 [50 <./figure/unnamed-chunk-84-1.pdf>]
Underfull \vbox (badness 10000) detected at line 1700
 []


Underfull \vbox (badness 10000) detected at line 1700
 []

[51]
Package color Info: Redefining color shadecolor on input line 1710.
Package color Info: Redefining color shadecolor on input line 1720.

Overfull \hbox (11.99689pt too wide) in paragraph at lines 1733--1733
[]\OT1/cmtt/m/n/10 ##  Min.   :1993-12-01 00:00:00   Min.   :2.200   Min.   :-0
.3000000[] 
 []


Overfull \hbox (11.99689pt too wide) in paragraph at lines 1733--1733
[]\OT1/cmtt/m/n/10 ##  1st Qu.:2000-08-16 12:00:00   1st Qu.:3.200   1st Qu.:-0
.1000000[] 
 []


Overfull \hbox (11.99689pt too wide) in paragraph at lines 1733--1733
[]\OT1/cmtt/m/n/10 ##  Median :2007-05-01 00:00:00   Median :4.000   Median : 0
.0000000[] 
 []


Overfull \hbox (11.99689pt too wide) in paragraph at lines 1733--1733
[]\OT1/cmtt/m/n/10 ##  Mean   :2007-05-02 04:00:44   Mean   :3.948   Mean   : 0
.0009317[] 
 []


Overfull \hbox (11.99689pt too wide) in paragraph at lines 1733--1733
[]\OT1/cmtt/m/n/10 ##  3rd Qu.:2014-01-16 12:00:00   3rd Qu.:4.700   3rd Qu.: 0
.1000000[] 
 []


Overfull \hbox (11.99689pt too wide) in paragraph at lines 1733--1733
[]\OT1/cmtt/m/n/10 ##  Max.   :2020-10-01 00:00:00   Max.   :5.500   Max.   : 0
.4000000[] 
 []

Package color Info: Redefining color shadecolor on input line 1745.
<figure/unnamed-chunk-88-1.pdf, id=437, 505.89pt x 289.08pt>
File: figure/unnamed-chunk-88-1.pdf Graphic file (type pdf)
<use figure/unnamed-chunk-88-1.pdf>
Package pdftex.def Info: figure/unnamed-chunk-88-1.pdf  used on input line 1750
.
(pdftex.def)             Requested size: 345.0pt x 197.14522pt.
[52]
Package color Info: Redefining color shadecolor on input line 1761.
<figure/unnamed-chunk-89-1.pdf, id=441, 505.89pt x 289.08pt>
File: figure/unnamed-chunk-89-1.pdf Graphic file (type pdf)
<use figure/unnamed-chunk-89-1.pdf>
Package pdftex.def Info: figure/unnamed-chunk-89-1.pdf  used on input line 1766
.
(pdftex.def)             Requested size: 345.0pt x 197.14522pt.
 [53 <./figure/unnamed-chunk-88-1.pdf>]
Package color Info: Redefining color shadecolor on input line 1775.
<figure/unnamed-chunk-90-1.pdf, id=451, 505.89pt x 289.08pt>
File: figure/unnamed-chunk-90-1.pdf Graphic file (type pdf)
<use figure/unnamed-chunk-90-1.pdf>
Package pdftex.def Info: figure/unnamed-chunk-90-1.pdf  used on input line 1780
.
(pdftex.def)             Requested size: 345.0pt x 197.14522pt.
 [54 <./figure/unnamed-chunk-89-1.pdf> <./figure/unnamed-chunk-90-1.pdf>]
Package color Info: Redefining color shadecolor on input line 1788.

Overfull \hbox (64.49643pt too wide) in paragraph at lines 1790--1790
[][]\OT1/cmtt/m/n/10 ch[] []=[] []ch.test[][]([][]ts[][]([][]na.omit[][](data2[
][]$[][]Diff),[] []frequency[][]=[][]12[][]),[] []type[][]=[][]"dummy"[][],[] [
]sid[][]=[][]c[][]([][]1[][]:[][]12[][]))[][] 
 []

Package color Info: Redefining color shadecolor on input line 1817.
Package color Info: Redefining color shadecolor on input line 1835.
<figure/unnamed-chunk-93-1.pdf, id=468, 505.89pt x 505.89pt>
File: figure/unnamed-chunk-93-1.pdf Graphic file (type pdf)
<use figure/unnamed-chunk-93-1.pdf>
Package pdftex.def Info: figure/unnamed-chunk-93-1.pdf  used on input line 1843
.
(pdftex.def)             Requested size: 345.0pt x 345.00414pt.
[55]
Package color Info: Redefining color shadecolor on input line 1852.
<figure/unnamed-chunk-94-1.pdf, id=473, 505.89pt x 505.89pt>
File: figure/unnamed-chunk-94-1.pdf Graphic file (type pdf)
<use figure/unnamed-chunk-94-1.pdf>
Package pdftex.def Info: figure/unnamed-chunk-94-1.pdf  used on input line 1860
.
(pdftex.def)             Requested size: 345.0pt x 345.00414pt.
 [56 <./figure/unnamed-chunk-93-1.pdf>]
Package color Info: Redefining color shadecolor on input line 1869.
<figure/unnamed-chunk-95-1.pdf, id=483, 505.89pt x 505.89pt>
File: figure/unnamed-chunk-95-1.pdf Graphic file (type pdf)
<use figure/unnamed-chunk-95-1.pdf>
Package pdftex.def Info: figure/unnamed-chunk-95-1.pdf  used on input line 1877
.
(pdftex.def)             Requested size: 345.0pt x 345.00414pt.
 [57 <./figure/unnamed-chunk-94-1.pdf>]
Package color Info: Redefining color shadecolor on input line 1886.
<figure/unnamed-chunk-96-1.pdf, id=493, 505.89pt x 505.89pt>
File: figure/unnamed-chunk-96-1.pdf Graphic file (type pdf)
<use figure/unnamed-chunk-96-1.pdf>
Package pdftex.def Info: figure/unnamed-chunk-96-1.pdf  used on input line 1894
.
(pdftex.def)             Requested size: 345.0pt x 345.00414pt.
 [58 <./figure/unnamed-chunk-95-1.pdf>]
Package color Info: Redefining color shadecolor on input line 1902.
Package color Info: Redefining color shadecolor on input line 1913.
<figure/unnamed-chunk-98-1.pdf, id=503, 505.89pt x 505.89pt>
File: figure/unnamed-chunk-98-1.pdf Graphic file (type pdf)
<use figure/unnamed-chunk-98-1.pdf>
Package pdftex.def Info: figure/unnamed-chunk-98-1.pdf  used on input line 1922
.
(pdftex.def)             Requested size: 345.0pt x 345.00414pt.
 [59 <./figure/unnamed-chunk-96-1.pdf>]
Package color Info: Redefining color shadecolor on input line 1931.
 [60 <./figure/unnamed-chunk-98-1.pdf>]
Underfull \vbox (badness 10000) detected at line 1991
 []


Underfull \vbox (badness 10000) detected at line 1991
 []

[61]
Package color Info: Redefining color shadecolor on input line 2003.
<figure/unnamed-chunk-100-1.pdf, id=526, 505.89pt x 289.08pt>
File: figure/unnamed-chunk-100-1.pdf Graphic file (type pdf)
<use figure/unnamed-chunk-100-1.pdf>
Package pdftex.def Info: figure/unnamed-chunk-100-1.pdf  used on input line 200
8.
(pdftex.def)             Requested size: 345.0pt x 197.14522pt.
Package color Info: Redefining color shadecolor on input line 2019.
<figure/unnamed-chunk-101-1.pdf, id=527, 505.89pt x 289.08pt>
File: figure/unnamed-chunk-101-1.pdf Graphic file (type pdf)
<use figure/unnamed-chunk-101-1.pdf>
Package pdftex.def Info: figure/unnamed-chunk-101-1.pdf  used on input line 202
4.
(pdftex.def)             Requested size: 345.0pt x 197.14522pt.
 [62 <./figure/unnamed-chunk-100-1.pdf>]
Package color Info: Redefining color shadecolor on input line 2041.

Overfull \hbox (704.99084pt too wide) in paragraph at lines 2043--2043
[][]\OT1/cmtt/m/n/10 ps[] []<-[] []c[][]([][]2[][],[][]1[][],[][]0[][],[][]2[][
],[][]1[][],[][]0[][],[][]2[][],[][]1[][],[][]0[][],[][]2[][],[][]1[][],[][]0[]
[],[][]2[][],[][]1[][],[][]0[][],[][]2[][],[][]1[][],[][]0[][],[][]2[][],[][]1[
][],[][]0[][],[][]2[][],[][]1[][],[][]0[][],[][]2[][],[][]1[][],[][]0[][],[][]2
[][],[][]1[][],[][]0[][],[][]2[][],[][]1[][],[][]0[][],[][]2[][],[][]1[][],[][]
0[][],[][]2[][],[][]1[][],[][]0[][],[][]2[][],[][]1[][],[][]0[][],[][]2[][],[][
]1[][],[][]0[][],[][]2[][],[][]1[][],[][]0[][],[][]2[][],[][]1[][],[][]0[][],[]
[]2[][],[][]1[][],[][]0[][],[][]2[][],[][]1[][],[][]0[][],[][]2[][],[][]1[][],[
][]0[][],[][]2[][],[][]1[][],[][]0[][],[][]2[][],[][]1[][],[][]0[][],[][]2[][],
[][]1[][],[][]0[][],[][]2[][],[][]1[][],[][]0[][],[][]2[][],[][]1[][],[][]0[][]
,[][]2[][],[][]1[][],[][]0[][],[][]2[][],[][]1[][],[][]0[][],[][]2[][],[][]1[][
],[][]0[][],[][]2[][],[][]1[][],[][]0[][],[][]2[][],[][]1[][],[][]0[][],[][]2[]
[],[][]1[][],[][]0[][],[][]2[][],[][]1[][],[][]0[][])[][] 
 []


Overfull \hbox (704.99084pt too wide) in paragraph at lines 2044--2044
[][]\OT1/cmtt/m/n/10 qs[] []<-[] []c[][]([][]3[][],[][]3[][],[][]3[][],[][]2[][
],[][]2[][],[][]2[][],[][]1[][],[][]1[][],[][]1[][],[][]0[][],[][]0[][],[][]0[]
[],[][]3[][],[][]3[][],[][]3[][],[][]2[][],[][]2[][],[][]2[][],[][]1[][],[][]1[
][],[][]1[][],[][]0[][],[][]0[][],[][]0[][],[][]3[][],[][]3[][],[][]3[][],[][]2
[][],[][]2[][],[][]2[][],[][]1[][],[][]1[][],[][]1[][],[][]0[][],[][]0[][],[][]
0[][],[][]3[][],[][]3[][],[][]3[][],[][]2[][],[][]2[][],[][]2[][],[][]1[][],[][
]1[][],[][]1[][],[][]0[][],[][]0[][],[][]0[][],[][]3[][],[][]3[][],[][]3[][],[]
[]2[][],[][]2[][],[][]2[][],[][]1[][],[][]1[][],[][]1[][],[][]0[][],[][]0[][],[
][]0[][],[][]3[][],[][]3[][],[][]3[][],[][]2[][],[][]2[][],[][]2[][],[][]1[][],
[][]1[][],[][]1[][],[][]0[][],[][]0[][],[][]0[][],[][]3[][],[][]3[][],[][]3[][]
,[][]2[][],[][]2[][],[][]2[][],[][]1[][],[][]1[][],[][]1[][],[][]0[][],[][]0[][
],[][]0[][],[][]3[][],[][]3[][],[][]3[][],[][]2[][],[][]2[][],[][]2[][],[][]1[]
[],[][]1[][],[][]1[][],[][]0[][],[][]0[][],[][]0[][])[][] 
 []


Overfull \hbox (704.99084pt too wide) in paragraph at lines 2045--2045
[][]\OT1/cmtt/m/n/10 Ps[] []<-[] []c[][]([][]1[][],[][]1[][],[][]1[][],[][]1[][
],[][]1[][],[][]1[][],[][]1[][],[][]1[][],[][]1[][],[][]1[][],[][]1[][],[][]1[]
[],[][]0[][],[][]0[][],[][]0[][],[][]0[][],[][]0[][],[][]0[][],[][]0[][],[][]0[
][],[][]0[][],[][]0[][],[][]0[][],[][]0[][],[][]1[][],[][]1[][],[][]1[][],[][]1
[][],[][]1[][],[][]1[][],[][]1[][],[][]1[][],[][]1[][],[][]1[][],[][]1[][],[][]
1[][],[][]0[][],[][]0[][],[][]0[][],[][]0[][],[][]0[][],[][]0[][],[][]0[][],[][
]0[][],[][]0[][],[][]0[][],[][]0[][],[][]0[][],[][]1[][],[][]1[][],[][]1[][],[]
[]1[][],[][]1[][],[][]1[][],[][]1[][],[][]1[][],[][]1[][],[][]1[][],[][]1[][],[
][]1[][],[][]0[][],[][]0[][],[][]0[][],[][]0[][],[][]0[][],[][]0[][],[][]0[][],
[][]0[][],[][]0[][],[][]0[][],[][]0[][],[][]0[][],[][]1[][],[][]1[][],[][]1[][]
,[][]1[][],[][]1[][],[][]1[][],[][]1[][],[][]1[][],[][]1[][],[][]1[][],[][]1[][
],[][]1[][],[][]0[][],[][]0[][],[][]0[][],[][]0[][],[][]0[][],[][]0[][],[][]0[]
[],[][]0[][],[][]0[][],[][]0[][],[][]0[][],[][]0[][])[][] 
 []


Overfull \hbox (704.99084pt too wide) in paragraph at lines 2046--2046
[][]\OT1/cmtt/m/n/10 Qs[] []<-[] []c[][]([][]3[][],[][]3[][],[][]3[][],[][]3[][
],[][]3[][],[][]3[][],[][]3[][],[][]3[][],[][]3[][],[][]3[][],[][]3[][],[][]3[]
[],[][]3[][],[][]3[][],[][]3[][],[][]3[][],[][]3[][],[][]3[][],[][]3[][],[][]3[
][],[][]3[][],[][]3[][],[][]3[][],[][]3[][],[][]2[][],[][]2[][],[][]2[][],[][]2
[][],[][]2[][],[][]2[][],[][]2[][],[][]2[][],[][]2[][],[][]2[][],[][]2[][],[][]
2[][],[][]2[][],[][]2[][],[][]2[][],[][]2[][],[][]2[][],[][]2[][],[][]2[][],[][
]2[][],[][]2[][],[][]2[][],[][]2[][],[][]2[][],[][]1[][],[][]1[][],[][]1[][],[]
[]1[][],[][]1[][],[][]1[][],[][]1[][],[][]1[][],[][]1[][],[][]1[][],[][]1[][],[
][]1[][],[][]1[][],[][]1[][],[][]1[][],[][]1[][],[][]1[][],[][]1[][],[][]1[][],
[][]1[][],[][]1[][],[][]1[][],[][]1[][],[][]1[][],[][]0[][],[][]0[][],[][]0[][]
,[][]0[][],[][]0[][],[][]0[][],[][]0[][],[][]0[][],[][]0[][],[][]0[][],[][]0[][
],[][]0[][],[][]0[][],[][]0[][],[][]0[][],[][]0[][],[][]0[][],[][]0[][],[][]0[]
[],[][]0[][],[][]0[][],[][]0[][],[][]0[][],[][]0[][])[][] 
 []

Package color Info: Redefining color shadecolor on input line 2052.
[63 <./figure/unnamed-chunk-101-1.pdf>]
Package color Info: Redefining color shadecolor on input line 2071.
Package color Info: Redefining color shadecolor on input line 2091.
Package color Info: Redefining color shadecolor on input line 2107.

Overfull \hbox (59.24648pt too wide) in paragraph at lines 2121--2121
[]\OT1/cmtt/m/n/10 ##  [1] -1.600023 -1.603858 -1.602997 -1.589686 -1.593681 -1
.593786 -1.589401[] 
 []


Overfull \hbox (59.24648pt too wide) in paragraph at lines 2121--2121
[]\OT1/cmtt/m/n/10 ##  [8] -1.593450 -1.593655 -1.593969 -1.598147 -1.599064 -1
.580736 -1.584343[] 
 []

Package color Info: Redefining color shadecolor on input line 2128.
[64]
Package color Info: Redefining color shadecolor on input line 2161.
Package color Info: Redefining color shadecolor on input line 2173.

Overfull \hbox (64.49643pt too wide) in paragraph at lines 2218--2218
[]\OT1/cmtt/m/n/10 ## stats::arima(x = xdata, order = c(p, d, q), seasonal = li
st(order = c(P, D,[] 
 []


Overfull \hbox (69.74638pt too wide) in paragraph at lines 2218--2218
[]\OT1/cmtt/m/n/10 ##     Q), period = S), xreg = constant, transform.pars = tr
ans, fixed = fixed,[] 
 []


Overfull \hbox (6.74693pt too wide) in paragraph at lines 2218--2218
[]\OT1/cmtt/m/n/10 ##     optim.control = list(trace = trc, REPORT = 1, reltol 
= tol))[] 
 []


Overfull \hbox (38.24666pt too wide) in paragraph at lines 2218--2218
[]\OT1/cmtt/m/n/10 ##          ar1      ma1     ma2     ma3    sar1     sma1   
 sma2    sma3[] 
 []


Overfull \hbox (38.24666pt too wide) in paragraph at lines 2218--2218
[]\OT1/cmtt/m/n/10 ##       0.9703  -1.1658  0.1775  0.0990  0.8984  -1.2372  0
.0270  0.2941[] 
 []


Overfull \hbox (38.24666pt too wide) in paragraph at lines 2218--2218
[]\OT1/cmtt/m/n/10 ## s.e.  0.0184   0.0625  0.0983  0.0643  0.0785   0.0945  0
.0945  0.0653[] 
 []


Overfull \hbox (38.24666pt too wide) in paragraph at lines 2218--2218
[]\OT1/cmtt/m/n/10 ## sigma^2 estimated as 0.01084:  log likelihood = 268.22,  
aic = -516.44[] 
 []

[65]
Package color Info: Redefining color shadecolor on input line 2229.
<figure/unnamed-chunk-107-1.pdf, id=552, 505.89pt x 289.08pt>
File: figure/unnamed-chunk-107-1.pdf Graphic file (type pdf)
<use figure/unnamed-chunk-107-1.pdf>
Package pdftex.def Info: figure/unnamed-chunk-107-1.pdf  used on input line 223
4.
(pdftex.def)             Requested size: 345.0pt x 197.14522pt.
 [66]
Package color Info: Redefining color shadecolor on input line 2245.
<figure/unnamed-chunk-108-1.pdf, id=556, 505.89pt x 289.08pt>
File: figure/unnamed-chunk-108-1.pdf Graphic file (type pdf)
<use figure/unnamed-chunk-108-1.pdf>
Package pdftex.def Info: figure/unnamed-chunk-108-1.pdf  used on input line 225
0.
(pdftex.def)             Requested size: 345.0pt x 197.14522pt.
 [67 <./figure/unnamed-chunk-107-1.pdf>]
Package color Info: Redefining color shadecolor on input line 2258.
Package color Info: Redefining color shadecolor on input line 2273.
<figure/unnamed-chunk-110-1.pdf, id=566, 505.89pt x 289.08pt>
File: figure/unnamed-chunk-110-1.pdf Graphic file (type pdf)
<use figure/unnamed-chunk-110-1.pdf>
Package pdftex.def Info: figure/unnamed-chunk-110-1.pdf  used on input line 227
8.
(pdftex.def)             Requested size: 345.0pt x 197.14522pt.
 [68 <./figure/unnamed-chunk-108-1.pdf>]
Package color Info: Redefining color shadecolor on input line 2293.
<figure/unnamed-chunk-111-1.pdf, id=576, 505.89pt x 289.08pt>
File: figure/unnamed-chunk-111-1.pdf Graphic file (type pdf)
<use figure/unnamed-chunk-111-1.pdf>
Package pdftex.def Info: figure/unnamed-chunk-111-1.pdf  used on input line 229
8.
(pdftex.def)             Requested size: 345.0pt x 197.14522pt.
 [69 <./figure/unnamed-chunk-110-1.pdf>]
Package color Info: Redefining color shadecolor on input line 2307.
<figure/unnamed-chunk-112-1.pdf, id=585, 505.89pt x 289.08pt>
File: figure/unnamed-chunk-112-1.pdf Graphic file (type pdf)
<use figure/unnamed-chunk-112-1.pdf>
Package pdftex.def Info: figure/unnamed-chunk-112-1.pdf  used on input line 231
2.
(pdftex.def)             Requested size: 345.0pt x 197.14522pt.
Package color Info: Redefining color shadecolor on input line 2321.
<figure/unnamed-chunk-113-1.pdf, id=586, 505.89pt x 289.08pt>
File: figure/unnamed-chunk-113-1.pdf Graphic file (type pdf)
<use figure/unnamed-chunk-113-1.pdf>
Package pdftex.def Info: figure/unnamed-chunk-113-1.pdf  used on input line 232
6.
(pdftex.def)             Requested size: 345.0pt x 197.14522pt.
 [70 <./figure/unnamed-chunk-111-1.pdf> <./figure/unnamed-chunk-112-1.pdf>]
Package color Info: Redefining color shadecolor on input line 2334.
Package color Info: Redefining color shadecolor on input line 2349.
<figure/unnamed-chunk-115-1.pdf, id=601, 505.89pt x 289.08pt>
File: figure/unnamed-chunk-115-1.pdf Graphic file (type pdf)
<use figure/unnamed-chunk-115-1.pdf>
Package pdftex.def Info: figure/unnamed-chunk-115-1.pdf  used on input line 235
4.
(pdftex.def)             Requested size: 345.0pt x 197.14522pt.
 [71 <./figure/unnamed-chunk-113-1.pdf>]
Package color Info: Redefining color shadecolor on input line 2366.
 [72 <./figure/unnamed-chunk-115-1.pdf>]
Package color Info: Redefining color shadecolor on input line 2392.
Package color Info: Redefining color shadecolor on input line 2410.

Overfull \hbox (69.74638pt too wide) in paragraph at lines 2418--2418
[]\OT1/cmtt/m/n/10 ##  [1] 2.453337 2.494854 2.342738 2.434107 2.268806 2.25714
6 2.297302 2.383312[] 
 []


Overfull \hbox (69.74638pt too wide) in paragraph at lines 2418--2418
[]\OT1/cmtt/m/n/10 ##  [9] 2.306875 2.259689 2.247672 2.368786 2.348496 2.49802
9 2.576578 2.857734[] 
 []

Package color Info: Redefining color shadecolor on input line 2428.
<figure/unnamed-chunk-118-1.pdf, id=620, 505.89pt x 505.89pt>
File: figure/unnamed-chunk-118-1.pdf Graphic file (type pdf)
<use figure/unnamed-chunk-118-1.pdf>
Package pdftex.def Info: figure/unnamed-chunk-118-1.pdf  used on input line 243
8.
(pdftex.def)             Requested size: 345.0pt x 345.00414pt.
[73]
Package color Info: Redefining color shadecolor on input line 2448.
 [74 <./figure/unnamed-chunk-118-1.pdf>]
Package color Info: Redefining color shadecolor on input line 2462.

Overfull \hbox (19.77838pt too wide) in paragraph at lines 2486--2486
\OT1/cmr/m/n/10 ley Se-ries in Pro-ba-bi-lity and Sta-tis-tics. Wi-ley, 2015. \
OT1/cmr/m/sc/10 isbn\OT1/cmr/m/n/10 : 9781118674925.
 []

[75]
Overfull \hbox (2.42432pt too wide) in paragraph at lines 2486--2486
\OT1/cmr/m/n/10 Easy with lu-bri-date''. Em: \OT1/cmr/m/it/10 Jour-nal of Sta-t
is-ti-cal Soft-ware \OT1/cmr/m/n/10 40.3 (2011),
 []

[76]
Overfull \hbox (5.23595pt too wide) in paragraph at lines 2486--2486
\OT1/cmr/m/it/10 Com-pu-ta-ti-o-nal Fi-nance\OT1/cmr/m/n/10 . R pac-kage ver-si
on 0.10-48. 2020. \OT1/cmr/m/sc/10 url\OT1/cmr/m/n/10 : $\OT1/cmtt/m/n/10 https
 :
 []

[77] (./00_prova2.aux)
Package logreq Info: Writing requests to '00_prova2.run.xml'.
\openout1 = `00_prova2.run.xml'.

 ) 
Here is how much of TeX's memory you used:
 9951 strings out of 480608
 187871 string characters out of 5903630
 628477 words of memory out of 5000000
 25690 multiletter control sequences out of 15000+600000
 537743 words of font info for 42 fonts, out of 8000000 for 9000
 1141 hyphenation exceptions out of 8191
 36i,6n,46p,1801b,1675s stack positions out of 5000i,500n,10000p,200000b,80000s
{/usr/local/texlive/2020/texmf-dist/fonts/enc/dvips/cm-super/cm-super-ts1.enc
}</usr/local/texlive/2020/texmf-dist/fonts/type1/public/amsfonts/cm/cmbx10.pfb>
</usr/local/texlive/2020/texmf-dist/fonts/type1/public/amsfonts/cm/cmbx12.pfb><
/usr/local/texlive/2020/texmf-dist/fonts/type1/public/amsfonts/cm/cmcsc10.pfb><
/usr/local/texlive/2020/texmf-dist/fonts/type1/public/amsfonts/cm/cmr10.pfb></u
sr/local/texlive/2020/texmf-dist/fonts/type1/public/amsfonts/cm/cmr12.pfb></usr
/local/texlive/2020/texmf-dist/fonts/type1/public/amsfonts/cm/cmr17.pfb></usr/l
ocal/texlive/2020/texmf-dist/fonts/type1/public/amsfonts/cm/cmsy10.pfb></usr/lo
cal/texlive/2020/texmf-dist/fonts/type1/public/amsfonts/cm/cmti10.pfb></usr/loc
al/texlive/2020/texmf-dist/fonts/type1/public/amsfonts/cm/cmtt10.pfb></usr/loca
l/texlive/2020/texmf-dist/fonts/type1/public/cm-super/sfrm1000.pfb>
Output written on 00_prova2.pdf (77 pages, 655328 bytes).
PDF statistics:
 681 PDF objects out of 1000 (max. 8388607)
 475 compressed objects within 5 object streams
 0 named destinations out of 1000 (max. 500000)
 281 words of extra memory for PDF output out of 10000 (max. 10000000)

